master.adtec.ovh: Did not receive an HTTP/1.1 200 OK response. Full response follows:
---------------------- Begin response ----------------------
HTTP/1.1 408 Request Timeout
Date: Mon, 01 Nov 2021 18:29:10 GMT
Content-Type: text/html; charset=UTF-8
Transfer-Encoding: chunked
Connection: close
X-Powered-By: PHP/7.4.14

0


----------------------- End response -----------------------
master.thijn.ovh: Did not receive an HTTP/1.1 200 OK response. Full response follows:
---------------------- Begin response ----------------------
HTTP/1.1 400 Bad Request
Server: nginx
Date: Mon, 01 Nov 2021 18:29:13 GMT
Content-Type: text/html; charset=UTF-8
Transfer-Encoding: chunked
Connection: close
Strict-Transport-Security: max-age=63072000

12
Server unreachable
0


----------------------- End response -----------------------
master.adtec.ovh: Did not receive an HTTP/1.1 200 OK response. Full response follows:
---------------------- Begin response ----------------------
HTTP/1.1 408 Request Timeout
Date: Mon, 01 Nov 2021 18:30:14 GMT
Content-Type: text/html; charset=UTF-8
Transfer-Encoding: chunked
Connection: close
X-Powered-By: PHP/7.4.14

0


----------------------- End response -----------------------
master.thijn.ovh: Did not receive an HTTP/1.1 200 OK response. Full response follows:
---------------------- Begin response ----------------------
HTTP/1.1 400 Bad Request
Server: nginx
Date: Mon, 01 Nov 2021 18:30:17 GMT
Content-Type: text/html; charset=UTF-8
Transfer-Encoding: chunked
Connection: close
Strict-Transport-Security: max-age=63072000

12
Server unreachable
0


----------------------- End response -----------------------
master.adtec.ovh: Did not receive an HTTP/1.1 200 OK response. Full response follows:
---------------------- Begin response ----------------------
HTTP/1.1 408 Request Timeout
Date: Mon, 01 Nov 2021 18:31:18 GMT
Content-Type: text/html; charset=UTF-8
Transfer-Encoding: chunked
Connection: close
X-Powered-By: PHP/7.4.14

0


----------------------- End response -----------------------
master.thijn.ovh: Did not receive an HTTP/1.1 200 OK response. Full response follows:
---------------------- Begin response ----------------------
HTTP/1.1 400 Bad Request
Server: nginx
Date: Mon, 01 Nov 2021 18:31:21 GMT
Content-Type: text/html; charset=UTF-8
Transfer-Encoding: chunked
Connection: close
Strict-Transport-Security: max-age=63072000

12
Server unreachable
0


----------------------- End response -----------------------
master.adtec.ovh: Did not receive an HTTP/1.1 200 OK response. Full response follows:
---------------------- Begin response ----------------------
HTTP/1.1 408 Request Timeout
Date: Mon, 01 Nov 2021 18:31:41 GMT
Content-Type: text/html; charset=UTF-8
Transfer-Encoding: chunked
Connection: close
X-Powered-By: PHP/7.4.14

0


----------------------- End response -----------------------
master.thijn.ovh: Did not receive an HTTP/1.1 200 OK response. Full response follows:
---------------------- Begin response ----------------------
HTTP/1.1 400 Bad Request
Server: nginx
Date: Mon, 01 Nov 2021 18:31:44 GMT
Content-Type: text/html; charset=UTF-8
Transfer-Encoding: chunked
Connection: close
Strict-Transport-Security: max-age=63072000

12
Server unreachable
0


----------------------- End response -----------------------
master.adtec.ovh: Did not receive an HTTP/1.1 200 OK response. Full response follows:
---------------------- Begin response ----------------------
HTTP/1.1 408 Request Timeout
Date: Mon, 01 Nov 2021 18:31:55 GMT
Content-Type: text/html; charset=UTF-8
Transfer-Encoding: chunked
Connection: close
X-Powered-By: PHP/7.4.14

0


----------------------- End response -----------------------
master.thijn.ovh: Did not receive an HTTP/1.1 200 OK response. Full response follows:
---------------------- Begin response ----------------------
HTTP/1.1 400 Bad Request
Server: nginx
Date: Mon, 01 Nov 2021 18:31:58 GMT
Content-Type: text/html; charset=UTF-8
Transfer-Encoding: chunked
Connection: close
Strict-Transport-Security: max-age=63072000

12
Server unreachable
0


----------------------- End response -----------------------
master.adtec.ovh: Did not receive an HTTP/1.1 200 OK response. Full response follows:
---------------------- Begin response ----------------------
HTTP/1.1 408 Request Timeout
Date: Mon, 01 Nov 2021 18:32:59 GMT
Content-Type: text/html; charset=UTF-8
Transfer-Encoding: chunked
Connection: close
X-Powered-By: PHP/7.4.14

0


----------------------- End response -----------------------
master.thijn.ovh: Did not receive an HTTP/1.1 200 OK response. Full response follows:
---------------------- Begin response ----------------------
HTTP/1.1 400 Bad Request
Server: nginx
Date: Mon, 01 Nov 2021 18:33:02 GMT
Content-Type: text/html; charset=UTF-8
Transfer-Encoding: chunked
Connection: close
Strict-Transport-Security: max-age=63072000

12
Server unreachable
0


----------------------- End response -----------------------
master.adtec.ovh: Did not receive an HTTP/1.1 200 OK response. Full response follows:
---------------------- Begin response ----------------------
HTTP/1.1 408 Request Timeout
Date: Mon, 01 Nov 2021 18:34:03 GMT
Content-Type: text/html; charset=UTF-8
Transfer-Encoding: chunked
Connection: close
X-Powered-By: PHP/7.4.14

0


----------------------- End response -----------------------
master.thijn.ovh: Did not receive an HTTP/1.1 200 OK response. Full response follows:
---------------------- Begin response ----------------------
HTTP/1.1 400 Bad Request
Server: nginx
Date: Mon, 01 Nov 2021 18:34:06 GMT
Content-Type: text/html; charset=UTF-8
Transfer-Encoding: chunked
Connection: close
Strict-Transport-Security: max-age=63072000

12
Server unreachable
0


----------------------- End response -----------------------
master.adtec.ovh: Did not receive an HTTP/1.1 200 OK response. Full response follows:
---------------------- Begin response ----------------------
HTTP/1.1 408 Request Timeout
Date: Mon, 01 Nov 2021 18:34:11 GMT
Content-Type: text/html; charset=UTF-8
Transfer-Encoding: chunked
Connection: close
X-Powered-By: PHP/7.4.14

0


----------------------- End response -----------------------
master.thijn.ovh: Did not receive an HTTP/1.1 200 OK response. Full response follows:
---------------------- Begin response ----------------------
HTTP/1.1 400 Bad Request
Server: nginx
Date: Mon, 01 Nov 2021 18:34:14 GMT
Content-Type: text/html; charset=UTF-8
Transfer-Encoding: chunked
Connection: close
Strict-Transport-Security: max-age=63072000

12
Server unreachable
0


----------------------- End response -----------------------
master.adtec.ovh: Did not receive an HTTP/1.1 200 OK response. Full response follows:
---------------------- Begin response ----------------------
HTTP/1.1 408 Request Timeout
Date: Mon, 01 Nov 2021 18:36:12 GMT
Content-Type: text/html; charset=UTF-8
Transfer-Encoding: chunked
Connection: close
X-Powered-By: PHP/7.4.14

0


----------------------- End response -----------------------
master.thijn.ovh: Did not receive an HTTP/1.1 200 OK response. Full response follows:
---------------------- Begin response ----------------------
HTTP/1.1 400 Bad Request
Server: nginx
Date: Mon, 01 Nov 2021 18:36:15 GMT
Content-Type: text/html; charset=UTF-8
Transfer-Encoding: chunked
Connection: close
Strict-Transport-Security: max-age=63072000

12
Server unreachable
0


----------------------- End response -----------------------
master.adtec.ovh: Did not receive an HTTP/1.1 200 OK response. Full response follows:
---------------------- Begin response ----------------------
HTTP/1.1 408 Request Timeout
Date: Mon, 01 Nov 2021 18:57:10 GMT
Content-Type: text/html; charset=UTF-8
Transfer-Encoding: chunked
Connection: close
X-Powered-By: PHP/7.4.14

0


----------------------- End response -----------------------
master.adtec.ovh: Did not receive an HTTP/1.1 200 OK response. Full response follows:
---------------------- Begin response ----------------------
HTTP/1.1 408 Request Timeout
Date: Mon, 01 Nov 2021 18:57:36 GMT
Content-Type: text/html; charset=UTF-8
Transfer-Encoding: chunked
Connection: close
X-Powered-By: PHP/7.4.14

0


----------------------- End response -----------------------
master.adtec.ovh: Did not receive an HTTP/1.1 200 OK response. Full response follows:
---------------------- Begin response ----------------------
HTTP/1.1 408 Request Timeout
Date: Mon, 01 Nov 2021 18:58:07 GMT
Content-Type: text/html; charset=UTF-8
Transfer-Encoding: chunked
Connection: close
X-Powered-By: PHP/7.4.14

0


----------------------- End response -----------------------
